2025-05-25 19:28:03,764 - INFO - ==================== 开始转换 [functions]: AddDynamicTree(const unsigned int *, const unsigned int *, unsigned char *, unsigned char **, size_t *) ====================
2025-05-25 19:28:03,764 - INFO - C代码:
static void AddDynamicTree (const unsigned *ll_lengths ,const unsigned *d_lengths ,unsigned char *bp ,unsigned char **out ,size_t *outsize ){int i ;int best =0 ;size_t bestsize =0 ;for (i =0 ;i <8 ;i ++){size_t size =EncodeTree (ll_lengths ,d_lengths ,i &1 ,i &2 ,i &4 ,0 ,0 ,0 );if (bestsize ==0 ||size <bestsize ){bestsize =size ;best =i ;}}EncodeTree (ll_lengths ,d_lengths ,best &1 ,best &2 ,best &4 ,bp ,out ,outsize );}
2025-05-25 19:28:03,764 - INFO - 依赖项数量: 1
2025-05-25 19:28:03,764 - DEBUG - 依赖项 zopfli::EncodeTree(const unsigned int *, const unsigned int *, int, int, int, unsigned char *, unsigned char **, size_t *):
pub fn encode_tree(
    ll_lengths: &[u32],
    d_lengths: &[u32],
    use_16: bool,
    use_17: bool,
    use_18: bool,
    bp: &mut u8,
    out: Option<&mut Vec<u8>>,
    outsize: &mut usize,
) -> usize  {
    0usize
}
2025-05-25 19:28:03,765 - INFO - 开始第 1 轮转换
2025-05-25 19:28:03,765 - INFO - 第 1 轮: 正在获取转换结果...
2025-05-25 19:28:07,481 - INFO - 第 1 轮: 获取转换结果用时 3.72 秒
2025-05-25 19:28:07,482 - INFO - 第 1 轮: 开始审核转换结果...
2025-05-25 19:28:13,202 - INFO - 第 1 轮: 审核结果获取用时 5.72 秒
2025-05-25 19:28:13,202 - INFO - 审核结果: FAIL
2025-05-25 19:28:13,203 - DEBUG - 审核原因: 转换后的Rust函数签名未正确反映原C代码的签名定义，存在以下问题：
1. 原C代码中的指针参数（如`const unsigned *ll_lengths`）被转换为`Option<Vec<u32>>`，这并不等价。C中的指针通常表示一个内存地址，而Rust中的`Vec`是一个拥有所有权的动态数组，语义上不匹配。更合适的替代是使用切片（`&[u32]`）或原始指针（`*const u32`）。
2. 原C代码中的`unsigned char *bp`被转换为`Option<&mut u8>`，但C中的指针语义更接近于`*mut u8`，而不是`Option`。
3. 原C代码中的`unsigned char **out`被转换为`Option<&mut Vec<u8>>`，这不等价。C中的双指针语义更接近于`*mut *mut u8`。
4. 原C代码中的`size_t *outsize`被转换为`Option<&mut usize>`，但C中的指针语义更接近于`*mut usize`。

此外，Rust的命名规范建议函数名使用蛇形命名法，`AddDynamicTree`应改为`add_dynamic_tree`，但这一点已经正确处理。

建议重新审视签名转换，确保类型语义与C代码一致，并在必要时使用`unsafe`来处理原始指针。
2025-05-25 19:28:13,203 - INFO - 第 1 轮: 开始AI修复 (review错误)
2025-05-25 19:28:18,765 - INFO - 第 1 轮: AI修复响应用时 5.56 秒
2025-05-25 19:28:18,765 - INFO - 开始第 2 轮转换
2025-05-25 19:28:18,765 - INFO - 第 2 轮: 正在获取转换结果...
2025-05-25 19:28:22,332 - INFO - 第 2 轮: 获取转换结果用时 3.57 秒
2025-05-25 19:28:22,338 - WARNING - 转换失败，原因: 转换过程发生错误: 'rust_code'
