2025-05-25 19:52:32,282 - INFO - ==================== 开始生成函数总结: zopfli::functions::AddDynamicTree(const unsigned int *, const unsigned int *, unsigned char *, unsigned char **, size_t *) ====================
2025-05-25 19:52:32,282 - INFO - C代码:
static void AddDynamicTree (const unsigned *ll_lengths ,const unsigned *d_lengths ,unsigned char *bp ,unsigned char **out ,size_t *outsize ){int i ;int best =0 ;size_t bestsize =0 ;for (i =0 ;i <8 ;i ++){size_t size =EncodeTree (ll_lengths ,d_lengths ,i &1 ,i &2 ,i &4 ,0 ,0 ,0 );if (bestsize ==0 ||size <bestsize ){bestsize =size ;best =i ;}}EncodeTree (ll_lengths ,d_lengths ,best &1 ,best &2 ,best &4 ,bp ,out ,outsize );}
2025-05-25 19:52:32,282 - INFO - Rust签名:
pub fn add_dynamic_tree(
    ll_lengths: &[u32],
    d_lengths: &[u32],
    bp: &mut u8,
    out: &mut *mut u8,
    outsize: &mut usize,
) {
    // Placeholder implementation
    todo!("Function body not implemented");
}
2025-05-25 19:52:32,282 - INFO - 第 1 轮总结生成
2025-05-25 19:52:39,276 - WARNING - JSON解析失败，尝试提取文本
2025-05-25 19:52:39,276 - WARNING - 移除无效依赖项: zopfli::EncodeTree
2025-05-25 19:52:41,422 - INFO - 轮次 1 - 审核结果: PASS
2025-05-25 19:52:41,422 - INFO - 轮次 1 - 原因: 总结准确地描述了函数的主要功能和逻辑，包括选择最佳配置和调用EncodeTree进行编码。虽然没有提及所有细节，但足以帮助开发者理解函数的基本功能。
2025-05-25 19:52:41,422 - INFO - 总结生成成功: zopfli::functions::AddDynamicTree(const unsigned int *, const unsigned int *, unsigned char *, unsigned char **, size_t *)
2025-05-25 19:52:41,422 - INFO - ==================== 结束函数总结: zopfli::functions::AddDynamicTree(const unsigned int *, const unsigned int *, unsigned char *, unsigned char **, size_t *) ====================

2025-05-25 19:52:41,423 - INFO - ==================== 开始生成函数总结: zopfli::functions::AddLZ77Block(const ZopfliOptions *, int, int, const ZopfliLZ77Store *, size_t, size_t, size_t, unsigned char *, unsigned char **, size_t *) ====================
2025-05-25 19:52:41,423 - INFO - C代码:
static void AddLZ77Block (const ZopfliOptions *options ,int btype ,int final ,const ZopfliLZ77Store *lz77 ,size_t lstart ,size_t lend ,size_t expected_data_size ,unsigned char *bp ,unsigned char **out ,size_t *outsize ){unsigned ll_lengths [ZOPFLI_NUM_LL ];unsigned d_lengths [ZOPFLI_NUM_D ];unsigned ll_symbols [ZOPFLI_NUM_LL ];unsigned d_symbols [ZOPFLI_NUM_D ];size_t detect_block_size =*outsize ;size_t compressed_size ;size_t uncompressed_size =0 ;size_t i ;if (btype ==0 ){size_t length =ZopfliLZ77GetByteRange (lz77 ,lstart ,lend );size_t pos =lstart ==lend ?0 :lz77 ->pos [lstart ];size_t end =pos +length ;AddNonCompressedBlock (options ,final ,lz77 ->data ,pos ,end ,bp ,out ,outsize );return ;}AddBit (final ,bp ,out ,outsize );AddBit (btype &1 ,bp ,out ,outsize );AddBit ((btype &2 )>>1 ,bp ,out ,outsize );if (btype ==1 ){/* Fixed block. */ GetFixedTree (ll_lengths ,d_lengths );}else {/* Dynamic block. */ unsigned detect_tree_size ;assert (btype ==2 );GetDynamicLengths (lz77 ,lstart ,lend ,ll_lengths ,d_lengths );detect_tree_size =*outsize ;AddDynamicTree (ll_lengths ,d_lengths ,bp ,out ,outsize );if (options ->verbose ){fprintf (stderr ,"treesize: %d\n" ,(int )(*outsize -detect_tree_size ));}}ZopfliLengthsToSymbols (ll_lengths ,ZOPFLI_NUM_LL ,15 ,ll_symbols );ZopfliLengthsToSymbols (d_lengths ,ZOPFLI_NUM_D ,15 ,d_symbols );detect_block_size =*outsize ;AddLZ77Data (lz77 ,lstart ,lend ,expected_data_size ,ll_symbols ,ll_lengths ,d_symbols ,d_lengths ,bp ,out ,outsize );/* End symbol. */ AddHuffmanBits (ll_symbols [256 ],ll_lengths [256 ],bp ,out ,outsize );for (i =lstart ;i <lend ;i ++){uncompressed_size +=lz77 ->dists [i ]==0 ?1 :lz77 ->litlens [i ];}compressed_size =*outsize -detect_block_size ;if (options ->verbose ){fprintf (stderr ,"compressed block size: %d (%dk) (unc: %d)\n" ,(int )compressed_size ,(int )(compressed_size /1024 ),(int )(uncompressed_size ));}}
2025-05-25 19:52:41,423 - INFO - Rust签名:
pub fn add_lz77_block(
    options: *const ZopfliOptions,
    btype: i32,
    final_block: i32,
    lz77: *const ZopfliLZ77Store,
    lstart: usize,
    lend: usize,
    expected_data_size: usize,
    bp: *mut u8,
    out: *mut *mut u8,
    outsize: *mut usize,
) {
    // Placeholder implementation
    todo!("Function body not implemented");
}
2025-05-25 19:52:41,424 - INFO - 第 1 轮总结生成
2025-05-25 19:52:55,168 - WARNING - JSON解析失败，尝试提取文本
2025-05-25 19:52:55,169 - WARNING - 移除无效依赖项: AddNonCompressedBlock
2025-05-25 19:52:55,169 - WARNING - 移除无效依赖项: ZopfliLZ77GetByteRange
2025-05-25 19:52:55,169 - WARNING - 移除无效依赖项: AddHuffmanBits
2025-05-25 19:52:55,169 - WARNING - 移除无效依赖项: GetDynamicLengths
2025-05-25 19:52:55,169 - WARNING - 移除无效依赖项: AddDynamicTree
2025-05-25 19:52:55,169 - WARNING - 移除无效依赖项: GetFixedTree
2025-05-25 19:52:55,169 - WARNING - 移除无效依赖项: AddLZ77Data
2025-05-25 19:52:55,169 - WARNING - 移除无效依赖项: ZopfliLengthsToSymbols
2025-05-25 19:52:55,169 - WARNING - 移除无效依赖项: AddBit
2025-05-25 19:52:58,367 - INFO - 轮次 1 - 审核结果: PASS
2025-05-25 19:52:58,367 - INFO - 轮次 1 - 原因: 总结准确地描述了函数的主要功能、逻辑流程以及块类型的处理方式，能够帮助开发者理解函数的基本功能。虽然未提及所有依赖项的细节，但已涵盖关键逻辑，符合实际需求。
2025-05-25 19:52:58,368 - INFO - 总结生成成功: zopfli::functions::AddLZ77Block(const ZopfliOptions *, int, int, const ZopfliLZ77Store *, size_t, size_t, size_t, unsigned char *, unsigned char **, size_t *)
2025-05-25 19:52:58,368 - INFO - ==================== 结束函数总结: zopfli::functions::AddLZ77Block(const ZopfliOptions *, int, int, const ZopfliLZ77Store *, size_t, size_t, size_t, unsigned char *, unsigned char **, size_t *) ====================

2025-05-25 19:52:58,369 - INFO - ==================== 开始生成函数总结: zopfli::functions::AddLZ77BlockAutoType(const ZopfliOptions *, int, const ZopfliLZ77Store *, size_t, size_t, size_t, unsigned char *, unsigned char **, size_t *) ====================
2025-05-25 19:52:58,369 - INFO - C代码:
static void AddLZ77BlockAutoType (const ZopfliOptions *options ,int final ,const ZopfliLZ77Store *lz77 ,size_t lstart ,size_t lend ,size_t expected_data_size ,unsigned char *bp ,unsigned char **out ,size_t *outsize ){double uncompressedcost =ZopfliCalculateBlockSize (lz77 ,lstart ,lend ,0 );double fixedcost =ZopfliCalculateBlockSize (lz77 ,lstart ,lend ,1 );double dyncost =ZopfliCalculateBlockSize (lz77 ,lstart ,lend ,2 );/* Whether to perform the expensive calculation of creating an optimal block
    with fixed huffman tree to check if smaller. Only do this for small blocks or
    blocks which already are pretty good with fixed huffman tree. */ int expensivefixed =(lz77 ->size <1000 )||fixedcost <=dyncost *1.1 ;ZopfliLZ77Store fixedstore ;if (lstart ==lend ){/* Smallest empty block is represented by fixed block */ AddBits (final ,1 ,bp ,out ,outsize );AddBits (1 ,2 ,bp ,out ,outsize );/* btype 01 */ AddBits (0 ,7 ,bp ,out ,outsize );/* end symbol has code 0000000 */ return ;}ZopfliInitLZ77Store (lz77 ->data ,&fixedstore );if (expensivefixed ){/* Recalculate the LZ77 with ZopfliLZ77OptimalFixed */ size_t instart =lz77 ->pos [lstart ];size_t inend =instart +ZopfliLZ77GetByteRange (lz77 ,lstart ,lend );ZopfliBlockState s ;ZopfliInitBlockState (options ,instart ,inend ,1 ,&s );ZopfliLZ77OptimalFixed (&s ,lz77 ->data ,instart ,inend ,&fixedstore );fixedcost =ZopfliCalculateBlockSize (&fixedstore ,0 ,fixedstore .size ,1 );ZopfliCleanBlockState (&s );}if (uncompressedcost <fixedcost &&uncompressedcost <dyncost ){AddLZ77Block (options ,0 ,final ,lz77 ,lstart ,lend ,expected_data_size ,bp ,out ,outsize );}else if (fixedcost <dyncost ){if (expensivefixed ){AddLZ77Block (options ,1 ,final ,&fixedstore ,0 ,fixedstore .size ,expected_data_size ,bp ,out ,outsize );}else {AddLZ77Block (options ,1 ,final ,lz77 ,lstart ,lend ,expected_data_size ,bp ,out ,outsize );}}else {AddLZ77Block (options ,2 ,final ,lz77 ,lstart ,lend ,expected_data_size ,bp ,out ,outsize );}ZopfliCleanLZ77Store (&fixedstore );}
2025-05-25 19:52:58,369 - INFO - Rust签名:
pub fn add_lz77_block_auto_type(
    options: *const ZopfliOptions,
    final_block: i32,
    lz77: *const ZopfliLZ77Store,
    lstart: usize,
    lend: usize,
    expected_data_size: usize,
    bp: *mut u8,
    out: *mut *mut u8,
    outsize: *mut usize,
) {
    // Placeholder implementation
    todo!();
}
2025-05-25 19:52:58,371 - INFO - 第 1 轮总结生成
2025-05-25 19:53:09,509 - WARNING - JSON解析失败，尝试提取文本
2025-05-25 19:53:09,509 - WARNING - 移除无效依赖项: AddBits
2025-05-25 19:53:09,509 - WARNING - 移除无效依赖项: ZopfliLZ77GetByteRange
2025-05-25 19:53:09,509 - WARNING - 移除无效依赖项: ZopfliCleanBlockState
2025-05-25 19:53:09,509 - WARNING - 移除无效依赖项: ZopfliLZ77OptimalFixed
2025-05-25 19:53:09,509 - WARNING - 移除无效依赖项: ZopfliCleanLZ77Store
2025-05-25 19:53:09,509 - WARNING - 移除无效依赖项: ZopfliInitBlockState
2025-05-25 19:53:09,509 - WARNING - 移除无效依赖项: ZopfliCalculateBlockSize
2025-05-25 19:53:09,509 - WARNING - 移除无效依赖项: ZopfliInitLZ77Store
2025-05-25 19:53:09,509 - WARNING - 移除无效依赖项: AddLZ77Block
2025-05-25 19:53:12,747 - INFO - 轮次 1 - 审核结果: PASS
2025-05-25 19:53:12,747 - INFO - 轮次 1 - 原因: 总结准确地描述了函数的主要功能和逻辑步骤，涵盖了关键点，包括成本计算、条件判断、块类型选择和资源清理。虽然未详细列出所有依赖项，但对理解函数功能影响不大，整体足够帮助开发者理解函数的基本功能。
2025-05-25 19:53:12,748 - INFO - 总结生成成功: zopfli::functions::AddLZ77BlockAutoType(const ZopfliOptions *, int, const ZopfliLZ77Store *, size_t, size_t, size_t, unsigned char *, unsigned char **, size_t *)
2025-05-25 19:53:12,748 - INFO - ==================== 结束函数总结: zopfli::functions::AddLZ77BlockAutoType(const ZopfliOptions *, int, const ZopfliLZ77Store *, size_t, size_t, size_t, unsigned char *, unsigned char **, size_t *) ====================

2025-05-25 19:53:12,748 - INFO - ==================== 开始生成函数总结: zopfli::functions::ZopfliDeflatePart(const ZopfliOptions *, int, int, const unsigned char *, size_t, size_t, unsigned char *, unsigned char **, size_t *) ====================
2025-05-25 19:53:12,748 - INFO - C代码:
void ZopfliDeflatePart (const ZopfliOptions *options ,int btype ,int final ,const unsigned char *in ,size_t instart ,size_t inend ,unsigned char *bp ,unsigned char **out ,size_t *outsize ){size_t i ;/* byte coordinates rather than lz77 index */ size_t *splitpoints_uncompressed =0 ;size_t npoints =0 ;size_t *splitpoints =0 ;double totalcost =0 ;ZopfliLZ77Store lz77 ;/* If btype=2 is specified, it tries all block types. If a lesser btype is
    given, then however it forces that one. Neither of the lesser types needs
    block splitting as they have no dynamic huffman trees. */ if (btype ==0 ){AddNonCompressedBlock (options ,final ,in ,instart ,inend ,bp ,out ,outsize );return ;}else if (btype ==1 ){ZopfliLZ77Store store ;ZopfliBlockState s ;ZopfliInitLZ77Store (in ,&store );ZopfliInitBlockState (options ,instart ,inend ,1 ,&s );ZopfliLZ77OptimalFixed (&s ,in ,instart ,inend ,&store );AddLZ77Block (options ,btype ,final ,&store ,0 ,store .size ,0 ,bp ,out ,outsize );ZopfliCleanBlockState (&s );ZopfliCleanLZ77Store (&store );return ;}if (options ->blocksplitting ){ZopfliBlockSplit (options ,in ,instart ,inend ,options ->blocksplittingmax ,&splitpoints_uncompressed ,&npoints );splitpoints =(size_t *)malloc (sizeof (*splitpoints )*npoints );}ZopfliInitLZ77Store (in ,&lz77 );for (i =0 ;i <=npoints ;i ++){size_t start =i ==0 ?instart :splitpoints_uncompressed [i -1 ];size_t end =i ==npoints ?inend :splitpoints_uncompressed [i ];ZopfliBlockState s ;ZopfliLZ77Store store ;ZopfliInitLZ77Store (in ,&store );ZopfliInitBlockState (options ,start ,end ,1 ,&s );ZopfliLZ77Optimal (&s ,in ,start ,end ,options ->numiterations ,&store );totalcost +=ZopfliCalculateBlockSizeAutoType (&store ,0 ,store .size );ZopfliAppendLZ77Store (&store ,&lz77 );if (i <npoints )splitpoints [i ]=lz77 .size ;ZopfliCleanBlockState (&s );ZopfliCleanLZ77Store (&store );}/* Second block splitting attempt */ if (options ->blocksplitting &&npoints >1 ){size_t *splitpoints2 =0 ;size_t npoints2 =0 ;double totalcost2 =0 ;ZopfliBlockSplitLZ77 (options ,&lz77 ,options ->blocksplittingmax ,&splitpoints2 ,&npoints2 );for (i =0 ;i <=npoints2 ;i ++){size_t start =i ==0 ?0 :splitpoints2 [i -1 ];size_t end =i ==npoints2 ?lz77 .size :splitpoints2 [i ];totalcost2 +=ZopfliCalculateBlockSizeAutoType (&lz77 ,start ,end );}if (totalcost2 <totalcost ){free (splitpoints );splitpoints =splitpoints2 ;npoints =npoints2 ;}else {free (splitpoints2 );}}for (i =0 ;i <=npoints ;i ++){size_t start =i ==0 ?0 :splitpoints [i -1 ];size_t end =i ==npoints ?lz77 .size :splitpoints [i ];AddLZ77BlockAutoType (options ,i ==npoints &&final ,&lz77 ,start ,end ,0 ,bp ,out ,outsize );}ZopfliCleanLZ77Store (&lz77 );free (splitpoints );free (splitpoints_uncompressed );}
2025-05-25 19:53:12,749 - INFO - Rust签名:
pub fn zopfli_deflate_part(
    options: &ZopfliOptions,
    btype: i32,
    final_block: i32,
    input: &[u8],
    instart: usize,
    inend: usize,
    bp: &mut u8,
    out: &mut Vec<u8>,
    outsize: &mut usize,
) {
    todo!("Function body not implemented");
}
2025-05-25 19:53:12,750 - INFO - 第 1 轮总结生成
2025-05-25 19:53:26,928 - WARNING - JSON解析失败，尝试提取文本
2025-05-25 19:53:26,928 - WARNING - 移除无效依赖项: ZopfliBlockSplitLZ77
2025-05-25 19:53:26,928 - WARNING - 移除无效依赖项: ZopfliAppendLZ77Store
2025-05-25 19:53:26,928 - WARNING - 移除无效依赖项: AddNonCompressedBlock
2025-05-25 19:53:26,928 - WARNING - 移除无效依赖项: ZopfliCleanBlockState
2025-05-25 19:53:26,928 - WARNING - 移除无效依赖项: ZopfliLZ77OptimalFixed
2025-05-25 19:53:26,928 - WARNING - 移除无效依赖项: ZopfliCleanLZ77Store
2025-05-25 19:53:26,929 - WARNING - 移除无效依赖项: ZopfliLZ77Optimal
2025-05-25 19:53:26,929 - WARNING - 移除无效依赖项: AddLZ77BlockAutoType
2025-05-25 19:53:26,929 - WARNING - 移除无效依赖项: ZopfliInitBlockState
2025-05-25 19:53:26,929 - WARNING - 移除无效依赖项: ZopfliInitLZ77Store
2025-05-25 19:53:26,929 - WARNING - 移除无效依赖项: ZopfliBlockSplit
2025-05-25 19:53:26,929 - WARNING - 移除无效依赖项: ZopfliCalculateBlockSizeAutoType
2025-05-25 19:53:26,929 - WARNING - 移除无效依赖项: AddLZ77Block
2025-05-25 19:53:29,590 - INFO - 轮次 1 - 审核结果: PASS
2025-05-25 19:53:29,591 - INFO - 轮次 1 - 原因: 总结准确地描述了函数的主要功能、详细逻辑和错误处理机制，能够帮助开发者理解函数的基本用途和工作方式。虽然未提及具体依赖项，但这并不影响对函数功能的整体理解。
2025-05-25 19:53:29,591 - INFO - 总结生成成功: zopfli::functions::ZopfliDeflatePart(const ZopfliOptions *, int, int, const unsigned char *, size_t, size_t, unsigned char *, unsigned char **, size_t *)
2025-05-25 19:53:29,591 - INFO - ==================== 结束函数总结: zopfli::functions::ZopfliDeflatePart(const ZopfliOptions *, int, int, const unsigned char *, size_t, size_t, unsigned char *, unsigned char **, size_t *) ====================

2025-05-25 19:53:29,592 - INFO - ==================== 开始生成函数总结: zopfli::functions::ZopfliDeflate(const ZopfliOptions *, int, int, const unsigned char *, size_t, unsigned char *, unsigned char **, size_t *) ====================
2025-05-25 19:53:29,592 - INFO - C代码:
void ZopfliDeflate (const ZopfliOptions *options ,int btype ,int final ,const unsigned char *in ,size_t insize ,unsigned char *bp ,unsigned char **out ,size_t *outsize ){size_t offset =*outsize ;size_t i =0 ;do {int masterfinal =(i +ZOPFLI_MASTER_BLOCK_SIZE >=insize );int final2 =final &&masterfinal ;size_t size =masterfinal ?insize -i :ZOPFLI_MASTER_BLOCK_SIZE ;ZopfliDeflatePart (options ,btype ,final2 ,in ,i ,i +size ,bp ,out ,outsize );i +=size ;}while (i <insize );if (options ->verbose ){fprintf (stderr ,"Original Size: %lu, Deflate: %lu, Compression: %.2f%%\n" ,(unsigned long )insize ,(unsigned long )(*outsize -offset ),100.0 *(double )(insize -(*outsize -offset ))/(double )insize );}}
2025-05-25 19:53:29,592 - INFO - Rust签名:
pub fn zopfli_deflate(
    options: *const ZopfliOptions,
    btype: i32,
    final_block: i32,
    input: *const u8,
    insize: usize,
    bp: *mut u8,
    out: *mut *mut u8,
    outsize: *mut usize,
) {
    todo!("Function body not implemented");
}
2025-05-25 19:53:29,593 - INFO - 第 1 轮总结生成
2025-05-25 19:53:36,377 - WARNING - JSON解析失败，尝试提取文本
2025-05-25 19:53:36,377 - WARNING - 移除无效依赖项: zopfli::ZopfliDeflatePart
2025-05-25 19:53:38,600 - INFO - 轮次 1 - 审核结果: PASS
2025-05-25 19:53:38,600 - INFO - 轮次 1 - 原因: 总结准确地描述了函数的主要功能、逻辑流程和依赖项使用方式，能够帮助开发者理解函数的基本功能。
2025-05-25 19:53:38,601 - INFO - 总结生成成功: zopfli::functions::ZopfliDeflate(const ZopfliOptions *, int, int, const unsigned char *, size_t, unsigned char *, unsigned char **, size_t *)
2025-05-25 19:53:38,601 - INFO - ==================== 结束函数总结: zopfli::functions::ZopfliDeflate(const ZopfliOptions *, int, int, const unsigned char *, size_t, unsigned char *, unsigned char **, size_t *) ====================

2025-05-25 19:53:38,617 - INFO - ==================== 开始生成函数总结: zopfli::functions::single_test(const unsigned char *, int, int, int) ====================
2025-05-25 19:53:38,617 - INFO - C代码:
void single_test (const unsigned char *in ,int btype ,int blocksplitting ,int blocksplittingmax ){ZopfliOptions options ;// Configure options options .verbose =1 ;options .verbose_more =0 ;// Reduce internal verbose output options .numiterations =15 ;options .blocksplitting =blocksplitting ;options .blocksplittinglast =0 ;options .blocksplittingmax =blocksplittingmax ;unsigned char *out =0 ;size_t outsize =0 ;unsigned char bp =0 ;size_t insize =strlen (in );// Perform compression ZopfliDeflate (&options ,btype ,1 ,(const unsigned char *)in ,insize ,&bp ,&out ,&outsize );}
2025-05-25 19:53:38,617 - INFO - Rust签名:
pub fn single_test(
    input: *const u8,
    btype: i32,
    block_splitting: i32,
    block_splitting_max: i32,
    out: *mut *mut u8,
    outsize: *mut usize,
    bp: *mut u8,
    insize: usize,
) {
    // Placeholder implementation
    todo!("Function body not implemented");
}
2025-05-25 19:53:38,617 - INFO - 第 1 轮总结生成
2025-05-25 19:53:45,358 - WARNING - JSON解析失败，尝试提取文本
2025-05-25 19:53:45,358 - WARNING - 移除无效依赖项: zopfli::ZopfliDeflate
2025-05-25 19:53:48,294 - INFO - 轮次 1 - 审核结果: PASS
2025-05-25 19:53:48,294 - INFO - 轮次 1 - 原因: 总结准确地描述了函数的主要功能、逻辑流程以及依赖项的使用方式，能够帮助开发者理解函数的基本功能。
2025-05-25 19:53:48,294 - INFO - 总结生成成功: zopfli::functions::single_test(const unsigned char *, int, int, int)
2025-05-25 19:53:48,294 - INFO - ==================== 结束函数总结: zopfli::functions::single_test(const unsigned char *, int, int, int) ====================

2025-05-25 19:53:48,294 - INFO - ==================== 开始生成函数总结: zopfli::functions::run_all_tests(const unsigned char *) ====================
2025-05-25 19:53:48,294 - INFO - C代码:
void run_all_tests (const unsigned char *in ){single_test (in ,2 ,1 ,15 );// Dynamic Huffman single_test (in ,1 ,1 ,15 );// Fixed Huffman single_test (in ,0 ,1 ,15 );// Uncompressed // Test with different block splitting settings single_test (in ,2 ,0 ,15 );// No block splitting single_test (in ,2 ,1 ,5 );// Limited splits single_test (in ,2 ,1 ,0 );// No splits single_test (in ,2 ,1 ,1 );// No splits single_test (in ,2 ,1 ,50 );// No splits single_test (in ,2 ,1 ,30 );// More splits allowed }
2025-05-25 19:53:48,295 - INFO - Rust签名:
pub fn run_all_tests(input: *const u8) {
    // Placeholder implementation
    // Original C code calls single_test multiple times with different parameters
    unimplemented!();
}
2025-05-25 19:53:48,295 - INFO - 第 1 轮总结生成
2025-05-25 19:53:52,558 - WARNING - JSON解析失败，尝试提取文本
2025-05-25 19:53:52,559 - WARNING - 移除无效依赖项: zopfli::single_test
2025-05-25 19:53:54,653 - INFO - 轮次 1 - 审核结果: PASS
2025-05-25 19:53:54,653 - INFO - 轮次 1 - 原因: 总结准确地描述了函数的主要功能和逻辑，包括调用single_test函数进行多种压缩测试的行为。虽然未提及具体依赖项的使用细节，但这并不影响开发者理解函数的基本功能。
2025-05-25 19:53:54,653 - INFO - 总结生成成功: zopfli::functions::run_all_tests(const unsigned char *)
2025-05-25 19:53:54,653 - INFO - ==================== 结束函数总结: zopfli::functions::run_all_tests(const unsigned char *) ====================

