2025-05-25 23:21:02,447 - INFO - =========== 函数 ZopfliCleanBlockState(ZopfliBlockState *) 第 1 轮生成 ===========
2025-05-25 23:21:02,447 - INFO - 生成提示: 为这个Rust函数实现代码:

    ## 函数签名:
    ```rust
    pub fn zopfli_clean_block_state(s: &mut ZopfliBlockState) {
    todo!();
}
    ```

    ## 函数摘要:
    - **主要目的**: 释放ZopfliBlockState结构体中的动态内存，以避免内存泄漏。
    - **详细逻辑**: 函数检查ZopfliBlockState结构体的lmc字段是否为非空指针。如果是非空指针，则调用ZopfliCleanCache函数释放与lmc相关的动态内存，随后调用free函数释放lmc指针本身的内存。
- **错误处理**: 函数未显式处理错误，例如lmc字段为空或free函数失败的情况。假设调用者确保传入的结构体和其字段有效。

## 依赖项:
### 函数依赖项:
#### zopfli::ZopfliCleanCache(ZopfliLongestMatchCache *)
```rust
fn zopfli_clean_cache(lmc: *mut ZopfliLongestMatchCache) {
    // Placeholder implementation
    unimplemented!();
}
```
主要功能: 释放与ZopfliLongestMatchCache结构体相关的动态内存，以避免内存泄漏。

### 其他依赖项:
#### zopfli::ZopfliBlockState
```rust
/// Represents the state of a Zopfli block.
#[derive(Debug, Clone)]
pub struct ZopfliBlockState {
    /// Options for Zopfli compression (immutable pointer).
    pub options: *const ZopfliOptions,
    /// Cache for length/distance pairs found so far (mutable pointer).
    pub lmc: *mut ZopfliLongestMatchCache,
    /// The start (inclusive) of the current block.
    pub blockstart: usize,
    /// The end (not inclusive) of the current block.
    pub blockend: usize,
}
```


    ## 实现要求:
    1. 完全遵循函数签名，不要修改签名部分
    2. 基于函数摘要中描述的功能实现代码
    3. 处理所有可能的错误情况
    4. 使用提供的依赖项（如果有）
    5. 代码要简洁高效，符合Rust的习惯用法
    6. 不要添加use语句或其他导入语句
    7. 只返回函数实现代码，无需解释

    直接返回实现代码:
    ```rust
    // 你的实现代码...
    ```
    
2025-05-25 23:21:05,739 - INFO - AI生成回复: ```rust
pub fn zopfli_clean_block_state(s: &mut ZopfliBlockState) {
    if !s.lmc.is_null() {
        unsafe {
            zopfli_clean_cache(s.lmc);
            libc::free(s.lmc as *mut libc::c_void);
        }
        s.lmc = std::ptr::null_mut();
    }
}
```
2025-05-25 23:21:11,211 - INFO - AI审核回复: ```json
{
    "passed": false,
    "reason": "实现存在潜在的内存安全问题，并且未完全符合Rust最佳实践。",
    "issues": [
        "使用了`unsafe`代码块，可能导致内存安全问题。",
        "未显式处理`zopfli_clean_cache`函数的错误情况，例如如果该函数内部失败或未正确释放资源。",
        "直接调用`libc::free`释放内存，而不是使用Rust的内存管理工具，违背Rust的安全内存管理原则。",
        "未检查`ZopfliBlockState`结构体的完整性，例如是否包含有效的`lmc`字段。",
        "未提供任何日志或错误处理机制来处理潜在的异常情况，例如`free`函数失败或`lmc`字段为空指针。",
        "未明确说明`zopfli_clean_cache`的行为是否安全，可能导致未定义行为。",
        "未使用Rust的标准库工具（如`Box`或`Vec`）来管理动态内存，导致代码不符合Rust惯例。"
    ],
    "suggestions": [
        "避免直接使用`unsafe`代码块，考虑使用Rust的安全抽象（如`Box`或`Option<Box<T>>`）来管理动态内存。",
        "在调用`zopfli_clean_cache`之前，检查其返回值或行为是否安全，并添加错误处理逻辑。",
        "考虑使用Rust的标准库工具（如`Box`）来管理动态内存，而不是直接调用`libc::free`。",
        "在函数内部添加日志或错误处理机制，以便在发生异常时能够追踪问题。",
        "明确说明`ZopfliBlockState`结构体的设计，并确保其字段的有效性。",
        "在释放内存后，确保所有相关字段被设置为安全的默认值（如`None`或`null_mut`），以避免悬空指针问题。",
        "如果必须使用`unsafe`代码块，确保对其进行严格的验证和注释，说明为何需要使用不安全代码。"
    ]
}
```
2025-05-25 23:21:13,214 - INFO - =========== 修复轮次 1/5 ===========
2025-05-25 23:21:13,214 - INFO - 修复提示: 修复这个Rust函数实现中的编译错误:

    ## 当前实现:
    ```rust
    pub fn zopfli_clean_block_state(s: &mut ZopfliBlockState) {
    if !s.lmc.is_null() {
        unsafe {
            zopfli_clean_cache(s.lmc);
            libc::free(s.lmc as *mut libc::c_void);
        }
        s.lmc = std::ptr::null_mut();
    }
}
    ```

    ## 编译错误:
    error[E0428]: the name `ZopfliBlockState` is defined multiple times
error[E0119]: conflicting implementations of trait `Debug` for type `ZopfliBlockState`
error[E0119]: conflicting implementations of trait `Clone` for type `ZopfliBlockState`
error: could not compile `rust_implementation_check` (bin "rust_implementation_check") due to 3 previous errors

    ## 修复要求:
    1. 保持函数签名不变，只修改实现部分
    2. 修复所有编译错误
    3. 不要改变函数的基本行为和算法
    4. 确保代码简洁、高效
    5. 不要添加任何导入语句，编译环境已经提供了所有必要的类型和函数定义

    直接返回修复后的完整函数实现:
    ```rust
    // 修复后的代码...
    ```
    
2025-05-25 23:21:15,210 - INFO - AI修复回复: ```rust
pub fn zopfli_clean_block_state(s: &mut ZopfliBlockState) {
    if !s.lmc.is_null() {
        unsafe {
            zopfli_clean_cache(s.lmc);
            libc::free(s.lmc.cast::<libc::c_void>());
        }
        s.lmc = std::ptr::null_mut();
    }
}
```
2025-05-25 23:21:16,490 - INFO - =========== 修复轮次 2/5 ===========
2025-05-25 23:21:16,490 - INFO - 修复提示: 修复这个Rust函数实现中的编译错误:

    ## 当前实现:
    ```rust
    pub fn zopfli_clean_block_state(s: &mut ZopfliBlockState) {
    if !s.lmc.is_null() {
        unsafe {
            zopfli_clean_cache(s.lmc);
            libc::free(s.lmc.cast::<libc::c_void>());
        }
        s.lmc = std::ptr::null_mut();
    }
}
    ```

    ## 编译错误:
    error[E0428]: the name `ZopfliBlockState` is defined multiple times
error[E0119]: conflicting implementations of trait `Debug` for type `ZopfliBlockState`
error[E0119]: conflicting implementations of trait `Clone` for type `ZopfliBlockState`
error: could not compile `rust_implementation_check` (bin "rust_implementation_check") due to 3 previous errors

    ## 修复要求:
    1. 保持函数签名不变，只修改实现部分
    2. 修复所有编译错误
    3. 不要改变函数的基本行为和算法
    4. 确保代码简洁、高效
    5. 不要添加任何导入语句，编译环境已经提供了所有必要的类型和函数定义

    直接返回修复后的完整函数实现:
    ```rust
    // 修复后的代码...
    ```
    
2025-05-25 23:21:19,051 - INFO - AI修复回复: ```rust
pub fn zopfli_clean_block_state(s: &mut ZopfliBlockState) {
    if !s.lmc.is_null() {
        unsafe {
            zopfli_clean_cache(s.lmc);
            libc::free(s.lmc as *mut libc::c_void);
        }
        s.lmc = std::ptr::null_mut();
    }
}
```
2025-05-25 23:21:20,584 - INFO - =========== 修复轮次 3/5 ===========
2025-05-25 23:21:20,584 - INFO - 修复提示: 修复这个Rust函数实现中的编译错误:

    ## 当前实现:
    ```rust
    pub fn zopfli_clean_block_state(s: &mut ZopfliBlockState) {
    if !s.lmc.is_null() {
        unsafe {
            zopfli_clean_cache(s.lmc);
            libc::free(s.lmc as *mut libc::c_void);
        }
        s.lmc = std::ptr::null_mut();
    }
}
    ```

    ## 编译错误:
    error[E0428]: the name `ZopfliBlockState` is defined multiple times
error[E0119]: conflicting implementations of trait `Debug` for type `ZopfliBlockState`
error[E0119]: conflicting implementations of trait `Clone` for type `ZopfliBlockState`
error: could not compile `rust_implementation_check` (bin "rust_implementation_check") due to 3 previous errors

    ## 修复要求:
    1. 保持函数签名不变，只修改实现部分
    2. 修复所有编译错误
    3. 不要改变函数的基本行为和算法
    4. 确保代码简洁、高效
    5. 不要添加任何导入语句，编译环境已经提供了所有必要的类型和函数定义

    直接返回修复后的完整函数实现:
    ```rust
    // 修复后的代码...
    ```
    
2025-05-25 23:21:22,930 - INFO - AI修复回复: ```rust
pub fn zopfli_clean_block_state(s: &mut ZopfliBlockState) {
    if !s.lmc.is_null() {
        unsafe {
            zopfli_clean_cache(s.lmc);
            libc::free(s.lmc.cast::<libc::c_void>());
        }
        s.lmc = std::ptr::null_mut();
    }
}
```
2025-05-25 23:21:24,176 - INFO - =========== 修复轮次 4/5 ===========
2025-05-25 23:21:24,176 - INFO - 修复提示: 修复这个Rust函数实现中的编译错误:

    ## 当前实现:
    ```rust
    pub fn zopfli_clean_block_state(s: &mut ZopfliBlockState) {
    if !s.lmc.is_null() {
        unsafe {
            zopfli_clean_cache(s.lmc);
            libc::free(s.lmc.cast::<libc::c_void>());
        }
        s.lmc = std::ptr::null_mut();
    }
}
    ```

    ## 编译错误:
    error[E0428]: the name `ZopfliBlockState` is defined multiple times
error[E0119]: conflicting implementations of trait `Debug` for type `ZopfliBlockState`
error[E0119]: conflicting implementations of trait `Clone` for type `ZopfliBlockState`
error: could not compile `rust_implementation_check` (bin "rust_implementation_check") due to 3 previous errors

    ## 修复要求:
    1. 保持函数签名不变，只修改实现部分
    2. 修复所有编译错误
    3. 不要改变函数的基本行为和算法
    4. 确保代码简洁、高效
    5. 不要添加任何导入语句，编译环境已经提供了所有必要的类型和函数定义

    直接返回修复后的完整函数实现:
    ```rust
    // 修复后的代码...
    ```
    
2025-05-25 23:21:26,877 - INFO - AI修复回复: ```rust
pub fn zopfli_clean_block_state(s: &mut ZopfliBlockState) {
    if !s.lmc.is_null() {
        unsafe {
            zopfli_clean_cache(s.lmc);
            libc::free(s.lmc as *mut libc::c_void);
        }
        s.lmc = std::ptr::null_mut();
    }
}
```
2025-05-25 23:21:28,143 - INFO - =========== 修复轮次 5/5 ===========
2025-05-25 23:21:28,143 - INFO - 修复提示: 修复这个Rust函数实现中的编译错误:

    ## 当前实现:
    ```rust
    pub fn zopfli_clean_block_state(s: &mut ZopfliBlockState) {
    if !s.lmc.is_null() {
        unsafe {
            zopfli_clean_cache(s.lmc);
            libc::free(s.lmc as *mut libc::c_void);
        }
        s.lmc = std::ptr::null_mut();
    }
}
    ```

    ## 编译错误:
    error[E0428]: the name `ZopfliBlockState` is defined multiple times
error[E0119]: conflicting implementations of trait `Debug` for type `ZopfliBlockState`
error[E0119]: conflicting implementations of trait `Clone` for type `ZopfliBlockState`
error: could not compile `rust_implementation_check` (bin "rust_implementation_check") due to 3 previous errors

    ## 修复要求:
    1. 保持函数签名不变，只修改实现部分
    2. 修复所有编译错误
    3. 不要改变函数的基本行为和算法
    4. 确保代码简洁、高效
    5. 不要添加任何导入语句，编译环境已经提供了所有必要的类型和函数定义

    直接返回修复后的完整函数实现:
    ```rust
    // 修复后的代码...
    ```
    
2025-05-25 23:21:29,774 - INFO - AI修复回复: ```rust
pub fn zopfli_clean_block_state(s: &mut ZopfliBlockState) {
    if !s.lmc.is_null() {
        unsafe {
            zopfli_clean_cache(s.lmc);
            libc::free(s.lmc.cast::<libc::c_void>());
        }
        s.lmc = std::ptr::null_mut();
    }
}
```
2025-05-25 23:21:32,076 - INFO - =========== 函数 ZopfliInitBlockState(const ZopfliOptions *, size_t, size_t, int, ZopfliBlockState *) 第 1 轮生成 ===========
2025-05-25 23:21:32,076 - INFO - 生成提示: 为这个Rust函数实现代码:

    ## 函数签名:
    ```rust
    pub fn zopfli_init_block_state(
    options: *const ZopfliOptions,
    blockstart: usize,
    blockend: usize,
    add_lmc: i32,
    s: *mut ZopfliBlockState,
) {
    unimplemented!();
}
    ```

    ## 函数摘要:
    - **主要目的**: 初始化ZopfliBlockState结构体，用于表示一个压缩块的状态，并根据参数决定是否分配和初始化最长匹配缓存。
    - **详细逻辑**: 函数接收压缩选项、块的起始和结束位置、是否添加最长匹配缓存的标志，以及一个指向ZopfliBlockState结构体的指针。首先将压缩选项、块起始位置和结束位置赋值给结构体的对应字段。如果add_lmc为非零值，则分配内存用于最长匹配缓存，并调用ZopfliInitCache函数初始化该缓存；否则，将lmc字段设置为NULL。
- **错误处理**: 函数未显式处理内存分配失败的情况。如果malloc返回NULL，可能会导致后续操作出现未定义行为。

## 依赖项:
### 函数依赖项:
#### zopfli::ZopfliInitCache(size_t, ZopfliLongestMatchCache *)
```rust
fn zopfli_init_cache(blocksize: usize, lmc: &mut ZopfliLongestMatchCache) {
    todo!("Function body not implemented");
}
```
主要功能: 初始化ZopfliLongestMatchCache结构体的成员变量，为压缩算法的缓存分配内存并设置初始值。

### 其他依赖项:
#### zopfli::ZopfliOptions
```rust
/// Options for Zopfli compression
#[derive(Debug, Clone)]
pub struct ZopfliOptions {
    /// Whether to print output
    pub verbose: i32,
    /// Whether to print more detailed output
    pub verbose_more: i32,
    /// Maximum amount of times to rerun forward and backward pass to optimize LZ77 compression cost.
    /// Good values: 10, 15 for small files, 5 for files over several MB in size or it will be too slow.
    pub num_iterations: i32,
    /// If true, splits the data in multiple deflate blocks with optimal choice for the block boundaries.
    /// Block splitting gives better compression. Default: true (1).
    pub block_splitting: i32,
    /// No longer used, left for compatibility.
    pub block_splitting_last: i32,
    /// Maximum amount of blocks to split into (0 for unlimited, but this can give extreme results
    /// that hurt compression on some files). Default value: 15.
    pub block_splitting_max: i32,
}
```

#### zopfli::ZopfliBlockState
```rust
/// Represents the state of a Zopfli block.
#[derive(Debug, Clone)]
pub struct ZopfliBlockState {
    /// Options for Zopfli compression (immutable pointer).
    pub options: *const ZopfliOptions,
    /// Cache for length/distance pairs found so far (mutable pointer).
    pub lmc: *mut ZopfliLongestMatchCache,
    /// The start (inclusive) of the current block.
    pub blockstart: usize,
    /// The end (not inclusive) of the current block.
    pub blockend: usize,
}
```

#### zopfli::ZopfliLongestMatchCache
```rust
#[derive(Debug, Clone)]
struct ZopfliLongestMatchCache {
    length: *mut u16, // Represents a raw pointer to unsigned short
    dist: *mut u16,   // Represents a raw pointer to unsigned short
    sublen: *mut u8   // Represents a raw pointer to unsigned char
}
```


    ## 实现要求:
    1. 完全遵循函数签名，不要修改签名部分
    2. 基于函数摘要中描述的功能实现代码
    3. 处理所有可能的错误情况
    4. 使用提供的依赖项（如果有）
    5. 代码要简洁高效，符合Rust的习惯用法
    6. 不要添加use语句或其他导入语句
    7. 只返回函数实现代码，无需解释

    直接返回实现代码:
    ```rust
    // 你的实现代码...
    ```
    
