检查项: zopfli::defines::HASH_MASK
代码:
const HASH_MASK: u32 = 32767;
提取的类型名: HASH_MASK
添加为新类型定义

检查项: zopfli::defines::HASH_SHIFT
代码:
const HASH_SHIFT: usize = 5;
提取的类型名: HASH_SHIFT
添加为新类型定义

检查项: zopfli::defines::NUM
代码:
pub const NUM: i32 = 9; // Good value: 9.
提取的类型名: NUM
添加为新类型定义

检查项: zopfli::defines::ZOPFLI_SLICE_H_
代码:
// Rust不需要头文件保护宏，直接忽略
无法提取类型名!

检查项: zopfli::defines::ZOPFLI_NUM_LL
代码:
const ZOPFLI_NUM_LL: usize = 288;
提取的类型名: ZOPFLI_NUM_LL
添加为新类型定义

检查项: zopfli::defines::ZOPFLI_NUM_D
代码:
pub const ZOPFLI_NUM_D: usize = 32;
提取的类型名: ZOPFLI_NUM_D
添加为新类型定义

检查项: zopfli::defines::ZOPFLI_CACHE_LENGTH
代码:
const ZOPFLI_CACHE_LENGTH: usize = 8;
提取的类型名: ZOPFLI_CACHE_LENGTH
添加为新类型定义

检查项: zopfli::defines::ZOPFLI_MIN_MATCH
代码:
pub const ZOPFLI_MIN_MATCH: usize = 3;
提取的类型名: ZOPFLI_MIN_MATCH
添加为新类型定义

检查项: zopfli::defines::ZOPFLI_MAX_MATCH
代码:
const ZOPFLI_MAX_MATCH: usize = 258;
提取的类型名: ZOPFLI_MAX_MATCH
添加为新类型定义

检查项: zopfli::defines::ZOPFLI_MAX_CHAIN_HITS
代码:
pub const ZOPFLI_MAX_CHAIN_HITS: usize = 8192;
提取的类型名: ZOPFLI_MAX_CHAIN_HITS
添加为新类型定义

检查项: zopfli::defines::ZOPFLI_WINDOW_SIZE
代码:
const ZOPFLI_WINDOW_SIZE: usize = 32768;
提取的类型名: ZOPFLI_WINDOW_SIZE
添加为新类型定义

检查项: zopfli::defines::ZOPFLI_WINDOW_MASK
代码:
const ZOPFLI_WINDOW_MASK: usize = ZOPFLI_WINDOW_SIZE - 1;
提取的类型名: ZOPFLI_WINDOW_MASK
添加为新类型定义

检查项: zopfli::defines::ZOPFLI_LARGE_FLOAT
代码:
const ZOPFLI_LARGE_FLOAT: f64 = 1e30;
提取的类型名: ZOPFLI_LARGE_FLOAT
添加为新类型定义

检查项: zopfli::defines::ZOPFLI_MASTER_BLOCK_SIZE
代码:
pub const ZOPFLI_MASTER_BLOCK_SIZE: usize = 1_000_000;
提取的类型名: ZOPFLI_MASTER_BLOCK_SIZE
添加为新类型定义

检查项: zopfli::typedefs::typedef double FindMinimumFun (size_t i ,void *context )
代码:
type FindMinimumFun = unsafe extern "C" fn(i: usize, context: *mut core::ffi::c_void) -> f64;
提取的类型名: FindMinimumFun
添加为新类型定义

检查项: zopfli::typedefs::typedef double CostModelFun (unsigned litlen ,unsigned dist ,void *context )
代码:
type CostModelFun = unsafe extern "C" fn(litlen: u32, dist: u32, context: *mut core::ffi::c_void) -> f64;
提取的类型名: CostModelFun
添加为新类型定义

检查项: zopfli::typedefs::typedef struct Node Node 
代码:
struct Node;
无法提取类型名!

检查项: zopfli::structs::ZopfliLZ77Store
代码:
#[derive(Debug, Clone)]
struct ZopfliLZ77Store {
    litlens: *mut u16, // Lit or len.
    dists: *mut u16, // If 0: indicates literal in corresponding litlens,
                     // if > 0: length in corresponding litlens, this is the distance.
    size: usize,
    data: *const u8, // Original data
    pos: *mut usize, // Position in data where this LZ77 command begins
    ll_symbol: *mut u16, // Cumulative histograms wrapping around per chunk.
    d_symbol: *mut u16, // Each chunk has the amount of distinct symbols as length.
    ll_counts: *mut usize, // Precise histogram at every N symbols.
    d_counts: *mut usize // The rest can be calculated by looping through the actual symbols of this chunk.
}
提取的类型名: ZopfliLZ77Store
添加为新类型定义

检查项: zopfli::structs::SplitCostContext
代码:
#[derive(Debug, Clone)]
pub struct SplitCostContext {
    pub lz77: *const ZopfliLZ77Store,
    pub start: usize,
    pub end: usize,
}
提取的类型名: SplitCostContext
添加为新类型定义

检查项: zopfli::structs::SymbolStats
代码:
pub struct SymbolStats {
    /// The literal and length symbols.
    pub litlens: [usize; ZOPFLI_NUM_LL],
    /// The 32 unique dist symbols, not the 32768 possible dists.
    pub dists: [usize; ZOPFLI_NUM_D],
    /// Length of each lit/len symbol in bits.
    pub ll_symbols: [f64; ZOPFLI_NUM_LL],
    /// Length of each dist symbol in bits.
    pub d_symbols: [f64; ZOPFLI_NUM_D],
}
提取的类型名: SymbolStats
添加为新类型定义

检查项: zopfli::structs::RanState
代码:
#[derive(Debug, Clone)]
struct RanState {
    m_w: u32,
    m_z: u32,
}
提取的类型名: RanState
添加为新类型定义

检查项: zopfli::structs::ZopfliHash
代码:
/// Represents a hash structure with fields for tracking hash values and occurrences.
#[repr(C)]
#[derive(Debug, Clone)]
pub struct ZopfliHash {
    /// Hash value to index of its most recent occurrence.
    pub head: *mut i32,
    /// Index to index of previous occurrence of the same hash.
    pub prev: *mut u16,
    /// Index to hash value at this index.
    pub hashval: *mut i32,
    /// Current hash value.
    pub val: i32,
    /// Hash value to index of its most recent occurrence for the second hash.
    pub head2: *mut i32,
    /// Index to index of previous occurrence of the same hash for the second hash.
    pub prev2: *mut u16,
    /// Index to hash value at this index for the second hash.
    pub hashval2: *mut i32,
    /// Current hash value for the second hash.
    pub val2: i32,
    /// Amount of repetitions of the same byte after this.
    pub same: *mut u16,
}
提取的类型名: ZopfliHash
添加为新类型定义

检查项: zopfli::structs::Node
代码:
#[derive(Debug, Clone)]
struct Node {
    weight: usize, // Total weight (symbol count) of this chain.
    tail: Option<Box<Node>>, // Previous node(s) of this chain, or None if none.
    count: i32 // Leaf symbol index, or number of leaves before this chain.
}
提取的类型名: Node
添加为新类型定义

检查项: zopfli::structs::NodePool
代码:
struct NodePool {
    next: *mut Node, // Pointer to a free node in the pool. May be null.
}
提取的类型名: NodePool
添加为新类型定义

检查项: zopfli::structs::ZopfliLongestMatchCache
代码:
#[derive(Debug, Clone)]
struct ZopfliLongestMatchCache {
    length: *mut u16, // Represents a raw pointer to unsigned short
    dist: *mut u16,   // Represents a raw pointer to unsigned short
    sublen: *mut u8   // Represents a raw pointer to unsigned char
}
提取的类型名: ZopfliLongestMatchCache
添加为新类型定义

检查项: zopfli::structs::ZopfliOptions
代码:
/// Options for Zopfli compression
#[derive(Debug, Clone)]
pub struct ZopfliOptions {
    /// Whether to print output
    pub verbose: i32,
    /// Whether to print more detailed output
    pub verbose_more: i32,
    /// Maximum amount of times to rerun forward and backward pass to optimize LZ77 compression cost.
    /// Good values: 10, 15 for small files, 5 for files over several MB in size or it will be too slow.
    pub num_iterations: i32,
    /// If true, splits the data in multiple deflate blocks with optimal choice for the block boundaries.
    /// Block splitting gives better compression. Default: true (1).
    pub block_splitting: i32,
    /// No longer used, left for compatibility.
    pub block_splitting_last: i32,
    /// Maximum amount of blocks to split into (0 for unlimited, but this can give extreme results
    /// that hurt compression on some files). Default value: 15.
    pub block_splitting_max: i32,
}
提取的类型名: ZopfliOptions
添加为新类型定义

检查项: zopfli::structs::ZopfliBlockState
代码:
/// Represents the state of a Zopfli block.
#[derive(Debug, Clone)]
pub struct ZopfliBlockState {
    /// Options for Zopfli compression (immutable pointer).
    pub options: *const ZopfliOptions,
    /// Cache for length/distance pairs found so far (mutable pointer).
    pub lmc: *mut ZopfliLongestMatchCache,
    /// The start (inclusive) of the current block.
    pub blockstart: usize,
    /// The end (not inclusive) of the current block.
    pub blockend: usize,
}
提取的类型名: ZopfliBlockState
添加为新类型定义

